c:\users\hiroya\desktop\cpp_3match\3match\3match\debug\vc140.pdb
c:\users\hiroya\desktop\cpp_3match\3match\3match\debug\vc140.idb
c:\users\hiroya\desktop\cpp_3match\3match\3match\debug\moveto.obj
c:\users\hiroya\desktop\cpp_3match\3match\3match\debug\movetomanager.obj
c:\users\hiroya\desktop\cpp_3match\3match\3match\debug\piece.obj
c:\users\hiroya\desktop\cpp_3match\3match\3match\debug\play.obj
c:\users\hiroya\desktop\cpp_3match\3match\3match\debug\clearcommand.obj
c:\users\hiroya\desktop\cpp_3match\3match\3match\debug\lookatcommand.obj
c:\users\hiroya\desktop\cpp_3match\3match\3match\debug\meshrendercommand.obj
c:\users\hiroya\desktop\cpp_3match\3match\3match\debug\skyboxrendercommand.obj
c:\users\hiroya\desktop\cpp_3match\3match\3match\debug\spriterendercommand.obj
c:\users\hiroya\desktop\cpp_3match\3match\3match\debug\stringrendercommand.obj
c:\users\hiroya\desktop\cpp_3match\3match\3match\debug\renderer.obj
c:\users\hiroya\desktop\cpp_3match\3match\3match\debug\rendererutil.obj
c:\users\hiroya\desktop\cpp_3match\3match\3match\debug\quaternion_utility.obj
c:\users\hiroya\desktop\cpp_3match\3match\3match\debug\transform.obj
c:\users\hiroya\desktop\cpp_3match\3match\3match\debug\uimanager.obj
c:\users\hiroya\desktop\cpp_3match\3match\3match\debug\timer.obj
c:\users\hiroya\desktop\cpp_3match\3match\3match\debug\intvector2.obj
c:\users\hiroya\desktop\cpp_3match\3match\3match\debug\math.obj
c:\users\hiroya\desktop\cpp_3match\3match\3match\debug\message.obj
c:\users\hiroya\desktop\cpp_3match\3match\3match\debug\vectorutil.obj
c:\users\hiroya\desktop\cpp_3match\3match\3match\debug\datamanager.obj
c:\users\hiroya\desktop\cpp_3match\3match\3match\debug\castid.obj
c:\users\hiroya\desktop\cpp_3match\3match\3match\debug\main.obj
c:\users\hiroya\desktop\cpp_3match\3match\3match\debug\bord.obj
c:\users\hiroya\google ドライブ\cpp_3match\3match\3match\debug\vc140.pdb
c:\users\hiroya\google ドライブ\cpp_3match\3match\3match\debug\vc140.idb
c:\users\hiroya\google ドライブ\cpp_3match\3match\3match\debug\moveto.obj
c:\users\hiroya\google ドライブ\cpp_3match\3match\3match\debug\movetomanager.obj
c:\users\hiroya\google ドライブ\cpp_3match\3match\3match\debug\piece.obj
c:\users\hiroya\google ドライブ\cpp_3match\3match\3match\debug\play.obj
c:\users\hiroya\google ドライブ\cpp_3match\3match\3match\debug\clearcommand.obj
c:\users\hiroya\google ドライブ\cpp_3match\3match\3match\debug\lookatcommand.obj
c:\users\hiroya\google ドライブ\cpp_3match\3match\3match\debug\meshrendercommand.obj
c:\users\hiroya\google ドライブ\cpp_3match\3match\3match\debug\skyboxrendercommand.obj
c:\users\hiroya\google ドライブ\cpp_3match\3match\3match\debug\spriterendercommand.obj
c:\users\hiroya\google ドライブ\cpp_3match\3match\3match\debug\stringrendercommand.obj
c:\users\hiroya\google ドライブ\cpp_3match\3match\3match\debug\renderer.obj
c:\users\hiroya\google ドライブ\cpp_3match\3match\3match\debug\rendererutil.obj
c:\users\hiroya\google ドライブ\cpp_3match\3match\3match\debug\quaternion_utility.obj
c:\users\hiroya\google ドライブ\cpp_3match\3match\3match\debug\transform.obj
c:\users\hiroya\google ドライブ\cpp_3match\3match\3match\debug\uimanager.obj
c:\users\hiroya\google ドライブ\cpp_3match\3match\3match\debug\timer.obj
c:\users\hiroya\google ドライブ\cpp_3match\3match\3match\debug\intvector2.obj
c:\users\hiroya\google ドライブ\cpp_3match\3match\3match\debug\math.obj
c:\users\hiroya\google ドライブ\cpp_3match\3match\3match\debug\message.obj
c:\users\hiroya\google ドライブ\cpp_3match\3match\3match\debug\vectorutil.obj
c:\users\hiroya\desktop\cpp_3match\3match\debug\3match.ilk
c:\users\hiroya\desktop\cpp_3match\3match\debug\3match.exe
c:\users\hiroya\desktop\cpp_3match\3match\debug\3match.pdb
c:\users\hiroya\google ドライブ\cpp_3match\3match\3match\debug\bord.obj
c:\users\hiroya\google ドライブ\cpp_3match\3match\3match\debug\castid.obj
c:\users\hiroya\google ドライブ\cpp_3match\3match\3match\debug\datamanager.obj
c:\users\hiroya\google ドライブ\cpp_3match\3match\3match\debug\main.obj
c:\users\hiroya\google ドライブ\cpp_3match\3match\3match\debug\3match.tlog\cl.command.1.tlog
c:\users\hiroya\google ドライブ\cpp_3match\3match\3match\debug\3match.tlog\cl.read.1.tlog
c:\users\hiroya\google ドライブ\cpp_3match\3match\3match\debug\3match.tlog\cl.write.1.tlog
c:\users\hiroya\google ドライブ\cpp_3match\3match\3match\debug\3match.tlog\link.command.1.tlog
c:\users\hiroya\google ドライブ\cpp_3match\3match\3match\debug\3match.tlog\link.read.1.tlog
c:\users\hiroya\google ドライブ\cpp_3match\3match\3match\debug\3match.tlog\link.write.1.tlog
